-------------------------------------------------------------------------------
Test set: com.yogi.BpclTokenSecurityMyPrograamsApplicationTests
-------------------------------------------------------------------------------
Tests run: 1, Failures: 0, Errors: 1, Skipped: 0, Time elapsed: 1.152 s <<< FAILURE! - in com.yogi.BpclTokenSecurityMyPrograamsApplicationTests
com.yogi.BpclTokenSecurityMyPrograamsApplicationTests  Time elapsed: 1.146 s  <<< ERROR!
java.lang.IllegalStateException: Unable to find a @SpringBootConfiguration, you need to use @ContextConfiguration or @SpringBootTest(classes=...) with your test

